TN:
SF:src\app.ts
FN:8,App
FN:15,middleware
FN:19,database
FN:27,routes
FNF:4
FNH:4
FNDA:2,App
FNDA:2,middleware
FNDA:2,database
FNDA:2,routes
DA:1,1
DA:2,1
DA:3,1
DA:4,1
DA:5,1
DA:6,1
DA:7,1
DA:8,1
DA:9,2
DA:10,2
DA:11,2
DA:12,2
DA:13,2
DA:14,1
DA:15,1
DA:16,2
DA:17,2
DA:18,1
DA:19,1
DA:20,2
DA:21,2
DA:22,2
DA:23,2
DA:24,0
DA:25,0
DA:26,2
DA:27,1
DA:28,2
DA:29,2
DA:30,1
DA:31,1
DA:32,1
LF:32
LH:30
BRDA:8,0,0,2
BRDA:15,1,0,2
BRDA:19,2,0,2
BRDA:23,3,0,0
BRDA:27,4,0,2
BRF:5
BRH:4
end_of_record
TN:
SF:src\routes.ts
FNF:0
FNH:0
DA:1,1
DA:2,1
DA:3,1
DA:4,1
DA:5,1
DA:6,1
DA:7,1
DA:8,1
DA:9,1
DA:10,1
DA:11,1
DA:12,1
DA:13,1
DA:14,1
DA:15,1
DA:16,1
DA:17,1
DA:18,1
DA:19,1
DA:20,1
DA:21,1
DA:22,1
DA:23,1
DA:24,1
DA:25,1
DA:26,1
DA:27,1
DA:28,1
DA:29,1
DA:30,1
DA:31,1
DA:32,1
DA:33,1
DA:34,1
DA:35,1
DA:36,1
DA:37,1
DA:38,1
DA:39,1
DA:40,1
LF:40
LH:40
BRF:0
BRH:0
end_of_record
TN:
SF:src\controllers\comic.controller.ts
FN:9,fetchMarvelComics
FN:33,create
FN:42,findById
FN:51,findAll
FN:60,update
FN:69,delete
FN:78,firstLetterOfName
FN:88,dataPubli
FN:97,buscaPorDesc
FNF:9
FNH:7
FNDA:1,fetchMarvelComics
FNDA:4,create
FNDA:1,findById
FNDA:101,findAll
FNDA:1,update
FNDA:1,delete
FNDA:1,firstLetterOfName
FNDA:0,dataPubli
FNDA:0,buscaPorDesc
DA:1,1
DA:2,1
DA:3,1
DA:4,1
DA:5,1
DA:6,1
DA:7,1
DA:8,1
DA:9,1
DA:10,1
DA:11,1
DA:12,1
DA:13,1
DA:14,1
DA:15,1
DA:16,6
DA:17,6
DA:18,6
DA:19,6
DA:20,6
DA:21,6
DA:22,6
DA:23,6
DA:24,6
DA:25,6
DA:26,6
DA:27,1
DA:28,1
DA:29,0
DA:30,0
DA:31,1
DA:32,1
DA:33,1
DA:34,4
DA:35,4
DA:36,4
DA:37,4
DA:38,0
DA:39,0
DA:40,4
DA:41,1
DA:42,1
DA:43,1
DA:44,1
DA:45,1
DA:46,1
DA:47,0
DA:48,0
DA:49,1
DA:50,1
DA:51,1
DA:52,101
DA:53,101
DA:54,101
DA:55,101
DA:56,0
DA:57,0
DA:58,101
DA:59,1
DA:60,1
DA:61,1
DA:62,1
DA:63,1
DA:64,1
DA:65,0
DA:66,0
DA:67,1
DA:68,1
DA:69,1
DA:70,1
DA:71,1
DA:72,1
DA:73,1
DA:74,0
DA:75,0
DA:76,1
DA:77,1
DA:78,1
DA:79,1
DA:80,1
DA:81,1
DA:82,1
DA:83,1
DA:84,0
DA:85,0
DA:86,1
DA:87,1
DA:88,1
DA:89,0
DA:90,0
DA:91,0
DA:92,0
DA:93,0
DA:94,0
DA:95,0
DA:96,1
DA:97,1
DA:98,0
DA:99,0
DA:100,0
DA:101,0
DA:102,0
DA:103,0
DA:104,0
DA:105,1
DA:106,1
DA:107,1
LF:107
LH:79
BRDA:9,0,0,1
BRDA:15,1,0,6
BRDA:18,2,0,0
BRDA:28,3,0,0
BRDA:16,4,0,6
BRDA:33,5,0,4
BRDA:37,6,0,0
BRDA:42,7,0,1
BRDA:46,8,0,0
BRDA:51,9,0,101
BRDA:55,10,0,0
BRDA:60,11,0,1
BRDA:64,12,0,0
BRDA:69,13,0,1
BRDA:73,14,0,0
BRDA:78,15,0,1
BRDA:83,16,0,0
BRF:17
BRH:9
end_of_record
TN:
SF:src\controllers\criadores.controller.ts
FN:8,fetchMarvelCriadores
FN:28,create
FN:37,findById
FN:46,firstLetterOfName
FN:56,findAll
FN:65,update
FN:74,delete
FN:83,moreThan
FN:92,criadorFunctionInHQ
FNF:9
FNH:8
FNDA:1,fetchMarvelCriadores
FNDA:5,create
FNDA:1,findById
FNDA:1,firstLetterOfName
FNDA:1,findAll
FNDA:2,update
FNDA:1,delete
FNDA:0,moreThan
FNDA:1,criadorFunctionInHQ
DA:1,1
DA:2,1
DA:3,1
DA:4,1
DA:5,1
DA:6,1
DA:7,1
DA:8,1
DA:9,1
DA:10,1
DA:11,1
DA:12,1
DA:13,1
DA:14,1
DA:15,6
DA:16,6
DA:17,6
DA:18,6
DA:19,6
DA:20,6
DA:21,6
DA:22,1
DA:23,1
DA:24,0
DA:25,0
DA:26,1
DA:27,1
DA:28,1
DA:29,5
DA:30,5
DA:31,5
DA:32,5
DA:33,0
DA:34,0
DA:35,5
DA:36,1
DA:37,1
DA:38,1
DA:39,1
DA:40,1
DA:41,1
DA:42,0
DA:43,0
DA:44,1
DA:45,1
DA:46,1
DA:47,1
DA:48,1
DA:49,1
DA:50,1
DA:51,1
DA:52,0
DA:53,0
DA:54,1
DA:55,1
DA:56,1
DA:57,1
DA:58,1
DA:59,1
DA:60,1
DA:61,0
DA:62,0
DA:63,1
DA:64,1
DA:65,1
DA:66,2
DA:67,2
DA:68,2
DA:69,2
DA:70,0
DA:71,0
DA:72,2
DA:73,1
DA:74,1
DA:75,1
DA:76,1
DA:77,1
DA:78,1
DA:79,0
DA:80,0
DA:81,1
DA:82,1
DA:83,1
DA:84,0
DA:85,0
DA:86,0
DA:87,0
DA:88,0
DA:89,0
DA:90,0
DA:91,1
DA:92,1
DA:93,1
DA:94,1
DA:95,1
DA:96,1
DA:97,1
DA:98,0
DA:99,0
DA:100,1
DA:101,1
DA:102,1
DA:103,1
LF:103
LH:80
BRDA:8,0,0,1
BRDA:14,1,0,6
BRDA:23,2,0,0
BRDA:28,3,0,5
BRDA:32,4,0,0
BRDA:37,5,0,1
BRDA:41,6,0,0
BRDA:46,7,0,1
BRDA:51,8,0,0
BRDA:56,9,0,1
BRDA:60,10,0,0
BRDA:65,11,0,2
BRDA:69,12,0,0
BRDA:74,13,0,1
BRDA:78,14,0,0
BRDA:92,15,0,1
BRDA:97,16,0,0
BRF:17
BRH:9
end_of_record
TN:
SF:src\controllers\pesonagem.controller.ts
FN:8,fetchMarvelCharacters
FN:29,create
FN:38,findById
FN:47,findByName
FN:58,findAll
FN:67,update
FN:76,delete
FN:86,findImagePathUrl
FNF:8
FNH:7
FNDA:1,fetchMarvelCharacters
FNDA:4,create
FNDA:1,findById
FNDA:1,findByName
FNDA:1,findAll
FNDA:0,update
FNDA:1,delete
FNDA:1,findImagePathUrl
DA:1,1
DA:2,1
DA:3,1
DA:4,1
DA:5,1
DA:6,1
DA:7,1
DA:8,1
DA:9,1
DA:10,1
DA:11,1
DA:12,1
DA:13,1
DA:14,1
DA:15,12
DA:16,12
DA:17,12
DA:18,12
DA:19,12
DA:20,12
DA:21,12
DA:22,12
DA:23,1
DA:24,1
DA:25,0
DA:26,0
DA:27,1
DA:28,1
DA:29,1
DA:30,4
DA:31,4
DA:32,4
DA:33,4
DA:34,0
DA:35,0
DA:36,4
DA:37,1
DA:38,1
DA:39,1
DA:40,1
DA:41,1
DA:42,1
DA:43,1
DA:44,0
DA:45,0
DA:46,1
DA:47,1
DA:48,1
DA:49,1
DA:50,1
DA:51,1
DA:52,1
DA:53,1
DA:54,0
DA:55,0
DA:56,1
DA:57,1
DA:58,1
DA:59,1
DA:60,1
DA:61,1
DA:62,1
DA:63,0
DA:64,0
DA:65,1
DA:66,1
DA:67,1
DA:68,0
DA:69,0
DA:70,0
DA:71,0
DA:72,0
DA:73,0
DA:74,0
DA:75,1
DA:76,1
DA:77,1
DA:78,1
DA:79,1
DA:80,1
DA:81,0
DA:82,0
DA:83,1
DA:84,1
DA:85,1
DA:86,1
DA:87,1
DA:88,1
DA:89,1
DA:90,1
DA:91,0
DA:92,0
DA:93,1
DA:94,1
DA:95,1
DA:96,1
LF:96
LH:75
BRDA:8,0,0,1
BRDA:14,1,0,12
BRDA:24,2,0,0
BRDA:29,3,0,4
BRDA:33,4,0,0
BRDA:38,5,0,1
BRDA:43,6,0,0
BRDA:47,7,0,1
BRDA:53,8,0,0
BRDA:58,9,0,1
BRDA:62,10,0,0
BRDA:76,11,0,1
BRDA:80,12,0,0
BRDA:86,13,0,1
BRDA:90,14,0,0
BRF:15
BRH:8
end_of_record
TN:
SF:src\schemas\comic.schema.ts
FNF:0
FNH:0
DA:1,1
DA:2,1
DA:3,1
DA:4,1
DA:5,1
DA:6,1
DA:7,1
DA:8,1
DA:9,1
DA:10,1
DA:11,1
DA:12,1
LF:12
LH:12
BRF:0
BRH:0
end_of_record
TN:
SF:src\schemas\criador.schema.ts
FNF:0
FNH:0
DA:1,1
DA:2,1
DA:3,1
DA:4,1
DA:5,1
DA:6,1
DA:7,1
DA:8,1
DA:9,1
DA:10,1
DA:11,1
DA:12,1
LF:12
LH:12
BRF:0
BRH:0
end_of_record
TN:
SF:src\schemas\personagem.schema.ts
FNF:0
FNH:0
DA:1,1
DA:2,1
DA:3,1
DA:4,1
DA:5,1
DA:6,1
DA:7,1
DA:8,1
DA:9,1
DA:10,1
DA:11,1
LF:11
LH:11
BRF:0
BRH:0
end_of_record
TN:
SF:src\services\comic.service.ts
FN:7,create
FN:16,findById
FN:25,findAll
FN:34,update
FN:50,delete
FN:59,firstLetterOfName
FN:68,dataPubli
FN:77,buscaPorDesc
FNF:8
FNH:6
FNDA:10,create
FNDA:1,findById
FNDA:101,findAll
FNDA:1,update
FNDA:1,delete
FNDA:1,firstLetterOfName
FNDA:0,dataPubli
FNDA:0,buscaPorDesc
DA:1,1
DA:2,1
DA:3,1
DA:4,1
DA:5,1
DA:6,1
DA:7,1
DA:8,10
DA:9,10
DA:10,10
DA:11,10
DA:12,0
DA:13,0
DA:14,10
DA:15,1
DA:16,1
DA:17,1
DA:18,1
DA:19,1
DA:20,1
DA:21,0
DA:22,0
DA:23,1
DA:24,1
DA:25,1
DA:26,101
DA:27,101
DA:28,101
DA:29,101
DA:30,0
DA:31,0
DA:32,101
DA:33,1
DA:34,1
DA:35,1
DA:36,1
DA:37,1
DA:38,1
DA:39,1
DA:40,1
DA:41,1
DA:42,1
DA:43,1
DA:44,1
DA:45,1
DA:46,0
DA:47,0
DA:48,1
DA:49,1
DA:50,1
DA:51,1
DA:52,1
DA:53,1
DA:54,1
DA:55,0
DA:56,0
DA:57,1
DA:58,1
DA:59,1
DA:60,1
DA:61,1
DA:62,1
DA:63,1
DA:64,0
DA:65,0
DA:66,1
DA:67,1
DA:68,1
DA:69,0
DA:70,0
DA:71,0
DA:72,0
DA:73,0
DA:74,0
DA:75,0
DA:76,1
DA:77,1
DA:78,0
DA:79,0
DA:80,0
DA:81,0
DA:82,0
DA:83,0
DA:84,0
DA:85,1
DA:86,1
DA:87,1
LF:87
LH:61
BRDA:7,0,0,10
BRDA:11,1,0,0
BRDA:16,2,0,1
BRDA:20,3,0,0
BRDA:25,4,0,101
BRDA:29,5,0,0
BRDA:34,6,0,1
BRDA:45,7,0,0
BRDA:50,8,0,1
BRDA:54,9,0,0
BRDA:59,10,0,1
BRDA:63,11,0,0
BRF:12
BRH:6
end_of_record
TN:
SF:src\services\criador.service.ts
FN:6,create
FN:15,findById
FN:24,firstLetterOfName
FN:33,findAll
FN:42,update
FN:56,delete
FN:65,moreThan
FN:75,criadorFunctionInHQ
FNF:8
FNH:7
FNDA:11,create
FNDA:1,findById
FNDA:1,firstLetterOfName
FNDA:1,findAll
FNDA:2,update
FNDA:1,delete
FNDA:0,moreThan
FNDA:1,criadorFunctionInHQ
DA:1,1
DA:2,1
DA:3,1
DA:4,1
DA:5,1
DA:6,1
DA:7,11
DA:8,11
DA:9,11
DA:10,11
DA:11,0
DA:12,0
DA:13,11
DA:14,1
DA:15,1
DA:16,1
DA:17,1
DA:18,1
DA:19,1
DA:20,0
DA:21,0
DA:22,1
DA:23,1
DA:24,1
DA:25,1
DA:26,1
DA:27,1
DA:28,1
DA:29,0
DA:30,0
DA:31,1
DA:32,1
DA:33,1
DA:34,1
DA:35,1
DA:36,1
DA:37,1
DA:38,0
DA:39,0
DA:40,1
DA:41,1
DA:42,1
DA:43,2
DA:44,2
DA:45,2
DA:46,2
DA:47,2
DA:48,2
DA:49,2
DA:50,2
DA:51,2
DA:52,0
DA:53,0
DA:54,2
DA:55,1
DA:56,1
DA:57,1
DA:58,1
DA:59,1
DA:60,1
DA:61,0
DA:62,0
DA:63,1
DA:64,1
DA:65,1
DA:66,0
DA:67,0
DA:68,0
DA:69,0
DA:70,0
DA:71,0
DA:72,0
DA:73,0
DA:74,1
DA:75,1
DA:76,1
DA:77,1
DA:78,1
DA:79,1
DA:80,0
DA:81,0
DA:82,1
DA:83,1
DA:84,1
DA:85,1
DA:86,1
LF:86
LH:64
BRDA:6,0,0,11
BRDA:10,1,0,0
BRDA:15,2,0,1
BRDA:19,3,0,0
BRDA:24,4,0,1
BRDA:28,5,0,0
BRDA:33,6,0,1
BRDA:37,7,0,0
BRDA:42,8,0,2
BRDA:51,9,0,0
BRDA:56,10,0,1
BRDA:60,11,0,0
BRDA:75,12,0,1
BRDA:79,13,0,0
BRF:14
BRH:7
end_of_record
TN:
SF:src\services\personagem.service.ts
FN:6,create
FN:15,findById
FN:24,findByName
FN:34,findAll
FN:43,update
FN:56,delete
FN:65,returnImage
FNF:7
FNH:6
FNDA:16,create
FNDA:1,findById
FNDA:2,findByName
FNDA:1,findAll
FNDA:0,update
FNDA:1,delete
FNDA:1,returnImage
DA:1,1
DA:2,1
DA:3,1
DA:4,1
DA:5,1
DA:6,1
DA:7,16
DA:8,16
DA:9,16
DA:10,16
DA:11,0
DA:12,0
DA:13,16
DA:14,1
DA:15,1
DA:16,1
DA:17,1
DA:18,1
DA:19,1
DA:20,0
DA:21,0
DA:22,1
DA:23,1
DA:24,1
DA:25,2
DA:26,2
DA:27,2
DA:28,2
DA:29,2
DA:30,0
DA:31,0
DA:32,2
DA:33,1
DA:34,1
DA:35,1
DA:36,1
DA:37,1
DA:38,1
DA:39,0
DA:40,0
DA:41,1
DA:42,1
DA:43,1
DA:44,0
DA:45,0
DA:46,0
DA:47,0
DA:48,0
DA:49,0
DA:50,0
DA:51,0
DA:52,0
DA:53,0
DA:54,0
DA:55,1
DA:56,1
DA:57,1
DA:58,1
DA:59,1
DA:60,1
DA:61,0
DA:62,0
DA:63,1
DA:64,1
DA:65,1
DA:66,1
DA:67,1
DA:68,1
DA:69,1
DA:70,0
DA:71,0
DA:72,1
DA:73,1
DA:74,1
DA:75,1
LF:75
LH:52
BRDA:6,0,0,16
BRDA:10,1,0,0
BRDA:15,2,0,1
BRDA:19,3,0,0
BRDA:24,4,0,2
BRDA:29,5,0,0
BRDA:34,6,0,1
BRDA:38,7,0,0
BRDA:56,8,0,1
BRDA:60,9,0,0
BRDA:65,10,0,1
BRDA:69,11,0,0
BRF:12
BRH:6
end_of_record
